0 info it worked if it ends with ok
1 verbose cli [ 'C:\\Program Files\\nodejs\\node.exe',
1 verbose cli   'C:\\Program Files\\nodejs\\node_modules\\npm\\bin\\npm-cli.js',
1 verbose cli   'run',
1 verbose cli   'test' ]
2 info using npm@3.10.10
3 info using node@v6.11.3
4 verbose run-script [ 'pretest', 'test', 'posttest' ]
5 info lifecycle cipher@1.0.0~pretest: cipher@1.0.0
6 verbose lifecycle cipher@1.0.0~pretest: unsafe-perm in lifecycle true
7 verbose lifecycle cipher@1.0.0~pretest: PATH: C:\Program Files\nodejs\node_modules\npm\bin\node-gyp-bin;C:\Users\Virginia\Documents\laboratoria\cipher\lim-2018-05-bc-core-pm-cipher\node_modules\.bin;C:\Users\Virginia\bin;C:\Program Files\Git\mingw64\bin;C:\Program Files\Git\usr\local\bin;C:\Program Files\Git\usr\bin;C:\Program Files\Git\usr\bin;C:\Program Files\Git\mingw64\bin;C:\Program Files\Git\usr\bin;C:\Users\Virginia\bin;C:\ProgramData\Oracle\Java\javapath;C:\Program Files (x86)\Common Files\Intel\Shared Libraries\redist\intel64\compiler;C:\Program Files (x86)\NVIDIA Corporation\PhysX\Common;C:\Windows\system32;C:\Windows;C:\Windows\System32\Wbem;C:\Windows\System32\WindowsPowerShell\v1.0;C:\Program Files (x86)\ATI Technologies\ATI.ACE\Core-Static;C:\Program Files (x86)\MySQL\MySQL Fabric 1.5 & MySQL Utilities 1.5;C:\Program Files (x86)\MySQL\MySQL Fabric 1.5 & MySQL Utilities 1.5\Doctrine extensions for PHP;C:\Program Files\Common Files\Autodesk Shared;C:\Program Files (x86)\Autodesk\Backburner;C:\Program Files (x86)\AMD\ATI.ACE\Core-Static;C:\Program Files\nodejs;C:\Program Files\Git\cmd;C:\Users\Virginia\AppData\Roaming\npm;C:\Users\Virginia\AppData\Local\atom\bin;C:\Program Files\Microsoft VS Code\bin;C:\Program Files\Git\usr\bin\vendor_perl;C:\Program Files\Git\usr\bin\core_perl
8 verbose lifecycle cipher@1.0.0~pretest: CWD: C:\Users\Virginia\Documents\laboratoria\cipher\lim-2018-05-bc-core-pm-cipher
9 silly lifecycle cipher@1.0.0~pretest: Args: [ '/d /s /c', 'npm run eslint && npm run htmlhint' ]
10 silly lifecycle cipher@1.0.0~pretest: Returned: code: 1  signal: null
11 info lifecycle cipher@1.0.0~pretest: Failed to exec pretest script
12 verbose stack Error: cipher@1.0.0 pretest: `npm run eslint && npm run htmlhint`
12 verbose stack Exit status 1
12 verbose stack     at EventEmitter.<anonymous> (C:\Program Files\nodejs\node_modules\npm\lib\utils\lifecycle.js:255:16)
12 verbose stack     at emitTwo (events.js:106:13)
12 verbose stack     at EventEmitter.emit (events.js:191:7)
12 verbose stack     at ChildProcess.<anonymous> (C:\Program Files\nodejs\node_modules\npm\lib\utils\spawn.js:40:14)
12 verbose stack     at emitTwo (events.js:106:13)
12 verbose stack     at ChildProcess.emit (events.js:191:7)
12 verbose stack     at maybeClose (internal/child_process.js:920:16)
12 verbose stack     at Process.ChildProcess._handle.onexit (internal/child_process.js:230:5)
13 verbose pkgid cipher@1.0.0
14 verbose cwd C:\Users\Virginia\Documents\laboratoria\cipher\lim-2018-05-bc-core-pm-cipher
15 error Windows_NT 6.1.7601
16 error argv "C:\\Program Files\\nodejs\\node.exe" "C:\\Program Files\\nodejs\\node_modules\\npm\\bin\\npm-cli.js" "run" "test"
17 error node v6.11.3
18 error npm  v3.10.10
19 error code ELIFECYCLE
20 error cipher@1.0.0 pretest: `npm run eslint && npm run htmlhint`
20 error Exit status 1
21 error Failed at the cipher@1.0.0 pretest script 'npm run eslint && npm run htmlhint'.
21 error Make sure you have the latest version of node.js and npm installed.
21 error If you do, this is most likely a problem with the cipher package,
21 error not with npm itself.
21 error Tell the author that this fails on your system:
21 error     npm run eslint && npm run htmlhint
21 error You can get information on how to open an issue for this project with:
21 error     npm bugs cipher
21 error Or if that isn't available, you can get their info via:
21 error     npm owner ls cipher
21 error There is likely additional logging output above.
22 verbose exit [ 1, true ]
